<?xml version="1.0" encoding="UTF-8"?>
<testsuite name="is.ru.hugb.CalculatorTest" tests="2" skipped="0" failures="0" errors="0" timestamp="2017-10-15T19:26:05" hostname="notandi-PC" time="0.003">
  <properties/>
  <testcase name="firstTest1" classname="is.ru.hugb.CalculatorTest" time="0.002"/>
  <testcase name="firstTest" classname="is.ru.hugb.CalculatorTest" time="0.0"/>
  <system-out><![CDATA[]]></system-out>
  <system-err><![CDATA[]]></system-err>
</testsuite>
